<?xml version="1.0" encoding="UTF-8"?>
<testsuites>
  <testsuite name="CodeIgniter Application Test Suite" tests="29" assertions="31" failures="0" errors="0" time="2.840771">
    <testsuite name="Bayi_test" file="C:\xampp\htdocs\posyandu\application\tests\controllers\Bayi_test.php" fullPackage="Bayi" tests="14" assertions="14" failures="0" errors="0" time="2.008359">
      <testcase name="test_index_bayi" class="Bayi_test" file="C:\xampp\htdocs\posyandu\application\tests\controllers\Bayi_test.php" line="12" assertions="1" time="0.189967"/>
      <testcase name="test_index_bayi_salah" class="Bayi_test" file="C:\xampp\htdocs\posyandu\application\tests\controllers\Bayi_test.php" line="19" assertions="1" time="0.035687"/>
      <testcase name="test_add" class="Bayi_test" file="C:\xampp\htdocs\posyandu\application\tests\controllers\Bayi_test.php" line="26" assertions="1" time="0.065027"/>
      <testcase name="test_processAdd" class="Bayi_test" file="C:\xampp\htdocs\posyandu\application\tests\controllers\Bayi_test.php" line="33" assertions="1" time="0.227464"/>
      <testcase name="test_processAdd_jk" class="Bayi_test" file="C:\xampp\htdocs\posyandu\application\tests\controllers\Bayi_test.php" line="50" assertions="1" time="0.304334"/>
      <testcase name="test_processAdd_BelumTahu" class="Bayi_test" file="C:\xampp\htdocs\posyandu\application\tests\controllers\Bayi_test.php" line="67" assertions="1" time="0.584452"/>
      <testcase name="test_processAdd_Gagal" class="Bayi_test" file="C:\xampp\htdocs\posyandu\application\tests\controllers\Bayi_test.php" line="84" assertions="1" time="0.047567"/>
      <testcase name="test_detail_bayi" class="Bayi_test" file="C:\xampp\htdocs\posyandu\application\tests\controllers\Bayi_test.php" line="101" assertions="1" time="0.046156"/>
      <testcase name="test_detail_bayi_perempuan" class="Bayi_test" file="C:\xampp\htdocs\posyandu\application\tests\controllers\Bayi_test.php" line="108" assertions="1" time="0.045288"/>
      <testcase name="test_detail_bayi_golDarBelumTahu" class="Bayi_test" file="C:\xampp\htdocs\posyandu\application\tests\controllers\Bayi_test.php" line="115" assertions="1" time="0.056332"/>
      <testcase name="test_edit_bayi" class="Bayi_test" file="C:\xampp\htdocs\posyandu\application\tests\controllers\Bayi_test.php" line="122" assertions="1" time="0.067198"/>
      <testcase name="test_doUpdate" class="Bayi_test" file="C:\xampp\htdocs\posyandu\application\tests\controllers\Bayi_test.php" line="129" assertions="1" time="0.128459"/>
      <testcase name="test_doUpdate_golDarBelumTahu" class="Bayi_test" file="C:\xampp\htdocs\posyandu\application\tests\controllers\Bayi_test.php" line="139" assertions="1" time="0.171873"/>
      <testcase name="test_delete_bayi" class="Bayi_test" file="C:\xampp\htdocs\posyandu\application\tests\controllers\Bayi_test.php" line="150" assertions="1" time="0.038555"/>
    </testsuite>
    <testsuite name="Ibu_hamil_test" file="C:\xampp\htdocs\posyandu\application\tests\controllers\Ibu_hamil_test.php" fullPackage="Ibu.hamil" tests="11" assertions="11" failures="0" errors="0" time="0.660727">
      <testcase name="test_index_Ibu_hamil" class="Ibu_hamil_test" file="C:\xampp\htdocs\posyandu\application\tests\controllers\Ibu_hamil_test.php" line="12" assertions="1" time="0.049555"/>
      <testcase name="test_add" class="Ibu_hamil_test" file="C:\xampp\htdocs\posyandu\application\tests\controllers\Ibu_hamil_test.php" line="19" assertions="1" time="0.041411"/>
      <testcase name="test_processAdd" class="Ibu_hamil_test" file="C:\xampp\htdocs\posyandu\application\tests\controllers\Ibu_hamil_test.php" line="26" assertions="1" time="0.084138"/>
      <testcase name="test_processAdd_gagal" class="Ibu_hamil_test" file="C:\xampp\htdocs\posyandu\application\tests\controllers\Ibu_hamil_test.php" line="43" assertions="1" time="0.038667"/>
      <testcase name="test_edit_Ibu_hamil" class="Ibu_hamil_test" file="C:\xampp\htdocs\posyandu\application\tests\controllers\Ibu_hamil_test.php" line="60" assertions="1" time="0.043868"/>
      <testcase name="test_doUpdate" class="Ibu_hamil_test" file="C:\xampp\htdocs\posyandu\application\tests\controllers\Ibu_hamil_test.php" line="67" assertions="1" time="0.040634"/>
      <testcase name="test_detail_Ibu_hamil" class="Ibu_hamil_test" file="C:\xampp\htdocs\posyandu\application\tests\controllers\Ibu_hamil_test.php" line="77" assertions="1" time="0.072589"/>
      <testcase name="test_detail_Ibu_hamil_middle" class="Ibu_hamil_test" file="C:\xampp\htdocs\posyandu\application\tests\controllers\Ibu_hamil_test.php" line="84" assertions="1" time="0.071919"/>
      <testcase name="test_detail_Ibu_hamil_pendek" class="Ibu_hamil_test" file="C:\xampp\htdocs\posyandu\application\tests\controllers\Ibu_hamil_test.php" line="91" assertions="1" time="0.069538"/>
      <testcase name="test_detail_Ibu_hamil_ideal" class="Ibu_hamil_test" file="C:\xampp\htdocs\posyandu\application\tests\controllers\Ibu_hamil_test.php" line="98" assertions="1" time="0.069334"/>
      <testcase name="test_delete_Ibu_hamil" class="Ibu_hamil_test" file="C:\xampp\htdocs\posyandu\application\tests\controllers\Ibu_hamil_test.php" line="105" assertions="1" time="0.079074"/>
    </testsuite>
    <testsuite name="Login_test" file="C:\xampp\htdocs\posyandu\application\tests\controllers\Login_test.php" fullPackage="Login" tests="3" assertions="3" failures="0" errors="0" time="0.133336">
      <testcase name="test_login" class="Login_test" file="C:\xampp\htdocs\posyandu\application\tests\controllers\Login_test.php" line="12" assertions="1" time="0.047551"/>
      <testcase name="test_login_error" class="Login_test" file="C:\xampp\htdocs\posyandu\application\tests\controllers\Login_test.php" line="17" assertions="1" time="0.042324"/>
      <testcase name="test_index" class="Login_test" file="C:\xampp\htdocs\posyandu\application\tests\controllers\Login_test.php" line="22" assertions="1" time="0.043461"/>
    </testsuite>
    <testsuite name="Logout_test" file="C:\xampp\htdocs\posyandu\application\tests\controllers\Logout_test.php" fullPackage="Logout" tests="1" assertions="3" failures="0" errors="0" time="0.038350">
      <testcase name="test_index" class="Logout_test" file="C:\xampp\htdocs\posyandu\application\tests\controllers\Logout_test.php" line="12" assertions="3" time="0.038350"/>
    </testsuite>
  </testsuite>
</testsuites>
